[    9587ms] [ERROR] Failed to load resource: the server responded with a status of 400 (Bad Request) @ http://localhost:8000/v1/auth/token:0
[  315276ms] TypeError: Cannot read properties of undefined (reading 'filter')
    at DashboardUsersPage (http://localhost:5173/src/pages/DashboardUsersPage.jsx?t=1772548039435:71:31)
    at renderWithHooks (http://localhost:5173/node_modules/.vite/deps/chunk-VIJJTZRL.js?v=119a24a3:11596:26)
    at updateFunctionComponent (http://localhost:5173/node_modules/.vite/deps/chunk-VIJJTZRL.js?v=119a24a3:14630:28)
    at beginWork (http://localhost:5173/node_modules/.vite/deps/chunk-VIJJTZRL.js?v=119a24a3:15972:22)
    at HTMLUnknownElement.callCallback2 (http://localhost:5173/node_modules/.vite/deps/chunk-VIJJTZRL.js?v=119a24a3:3680:22)
    at Object.invokeGuardedCallbackDev (http://localhost:5173/node_modules/.vite/deps/chunk-VIJJTZRL.js?v=119a24a3:3705:24)
    at invokeGuardedCallback (http://localhost:5173/node_modules/.vite/deps/chunk-VIJJTZRL.js?v=119a24a3:3739:39)
    at beginWork$1 (http://localhost:5173/node_modules/.vite/deps/chunk-VIJJTZRL.js?v=119a24a3:19818:15)
    at performUnitOfWork (http://localhost:5173/node_modules/.vite/deps/chunk-VIJJTZRL.js?v=119a24a3:19251:20)
    at workLoopSync (http://localhost:5173/node_modules/.vite/deps/chunk-VIJJTZRL.js?v=119a24a3:19190:13)
[  315279ms] [ERROR] Error handled by React Router default ErrorBoundary: TypeError: Cannot read properties of undefined (reading 'filter')
    at DashboardUsersPage (http://localhost:5173/src/pages/DashboardUsersPage.jsx?t=1772548039435:71:31)
    at renderWithHooks (http://localhost:5173/node_modules/.vite/deps/chunk-VIJJTZRL.js?v=119a24a3:11596:26)
    at updateFunctionComponent (http://localhost:5173/node_modules/.vite/deps/chunk-VIJJTZRL.js?v=119a24a3:14630:28)
    at beginWork (http://localhost:5173/node_modules/.vite/deps/chunk-VIJJTZRL.js?v=119a24a3:15972:22)
    at beginWork$1 (http://localhost:5173/node_modules/.vite/deps/chunk-VIJJTZRL.js?v=119a24a3:19806:22)
    at performUnitOfWork (http://localhost:5173/node_modules/.vite/deps/chunk-VIJJTZRL.js?v=119a24a3:19251:20)
    at workLoopSync (http://localhost:5173/node_modules/.vite/deps/chunk-VIJJTZRL.js?v=119a24a3:19190:13)
    at renderRootSync (http://localhost:5173/node_modules/.vite/deps/chunk-VIJJTZRL.js?v=119a24a3:19169:15)
    at performConcurrentWorkOnRoot (http://localhost:5173/node_modules/.vite/deps/chunk-VIJJTZRL.js?v=119a24a3:18728:83)
    at workLoop (http://localhost:5173/node_modules/.vite/deps/chunk-VIJJTZRL.js?v=119a24a3:197:42) @ http://localhost:5173/node_modules/.vite/deps/react-router-dom.js?v=119a24a3:5320
[  315279ms] TypeError: Cannot read properties of undefined (reading 'filter')
    at DashboardUsersPage (http://localhost:5173/src/pages/DashboardUsersPage.jsx?t=1772548039435:71:31)
    at renderWithHooks (http://localhost:5173/node_modules/.vite/deps/chunk-VIJJTZRL.js?v=119a24a3:11596:26)
    at updateFunctionComponent (http://localhost:5173/node_modules/.vite/deps/chunk-VIJJTZRL.js?v=119a24a3:14630:28)
    at beginWork (http://localhost:5173/node_modules/.vite/deps/chunk-VIJJTZRL.js?v=119a24a3:15972:22)
    at HTMLUnknownElement.callCallback2 (http://localhost:5173/node_modules/.vite/deps/chunk-VIJJTZRL.js?v=119a24a3:3680:22)
    at Object.invokeGuardedCallbackDev (http://localhost:5173/node_modules/.vite/deps/chunk-VIJJTZRL.js?v=119a24a3:3705:24)
    at invokeGuardedCallback (http://localhost:5173/node_modules/.vite/deps/chunk-VIJJTZRL.js?v=119a24a3:3739:39)
    at beginWork$1 (http://localhost:5173/node_modules/.vite/deps/chunk-VIJJTZRL.js?v=119a24a3:19818:15)
    at performUnitOfWork (http://localhost:5173/node_modules/.vite/deps/chunk-VIJJTZRL.js?v=119a24a3:19251:20)
    at workLoopSync (http://localhost:5173/node_modules/.vite/deps/chunk-VIJJTZRL.js?v=119a24a3:19190:13)
[  315280ms] [ERROR] Error handled by React Router default ErrorBoundary: TypeError: Cannot read properties of undefined (reading 'filter')
    at DashboardUsersPage (http://localhost:5173/src/pages/DashboardUsersPage.jsx?t=1772548039435:71:31)
    at renderWithHooks (http://localhost:5173/node_modules/.vite/deps/chunk-VIJJTZRL.js?v=119a24a3:11596:26)
    at updateFunctionComponent (http://localhost:5173/node_modules/.vite/deps/chunk-VIJJTZRL.js?v=119a24a3:14630:28)
    at beginWork (http://localhost:5173/node_modules/.vite/deps/chunk-VIJJTZRL.js?v=119a24a3:15972:22)
    at beginWork$1 (http://localhost:5173/node_modules/.vite/deps/chunk-VIJJTZRL.js?v=119a24a3:19806:22)
    at performUnitOfWork (http://localhost:5173/node_modules/.vite/deps/chunk-VIJJTZRL.js?v=119a24a3:19251:20)
    at workLoopSync (http://localhost:5173/node_modules/.vite/deps/chunk-VIJJTZRL.js?v=119a24a3:19190:13)
    at renderRootSync (http://localhost:5173/node_modules/.vite/deps/chunk-VIJJTZRL.js?v=119a24a3:19169:15)
    at recoverFromConcurrentError (http://localhost:5173/node_modules/.vite/deps/chunk-VIJJTZRL.js?v=119a24a3:18786:28)
    at performConcurrentWorkOnRoot (http://localhost:5173/node_modules/.vite/deps/chunk-VIJJTZRL.js?v=119a24a3:18734:30) @ http://localhost:5173/node_modules/.vite/deps/react-router-dom.js?v=119a24a3:5320
[  315281ms] [ERROR] The above error occurred in the <DashboardUsersPage> component:

    at DashboardUsersPage (http://localhost:5173/src/pages/DashboardUsersPage.jsx?t=1772548039435:26:17)
    at RenderedRoute (http://localhost:5173/node_modules/.vite/deps/react-router-dom.js?v=119a24a3:5373:26)
    at Outlet (http://localhost:5173/node_modules/.vite/deps/react-router-dom.js?v=119a24a3:6037:26)
    at div
    at div
    at DashboardLayout
    at RenderedRoute (http://localhost:5173/node_modules/.vite/deps/react-router-dom.js?v=119a24a3:5373:26)
    at RenderErrorBoundary (http://localhost:5173/node_modules/.vite/deps/react-router-dom.js?v=119a24a3:5332:5)
    at DataRoutes (http://localhost:5173/node_modules/.vite/deps/react-router-dom.js?v=119a24a3:5961:3)
    at Router (http://localhost:5173/node_modules/.vite/deps/react-router-dom.js?v=119a24a3:6046:13)
    at RouterProvider (http://localhost:5173/node_modules/.vite/deps/react-router-dom.js?v=119a24a3:5791:11)
    at RouterProvider2

React will try to recreate this component tree from scratch using the error boundary you provided, RenderErrorBoundary. @ http://localhost:5173/node_modules/.vite/deps/chunk-VIJJTZRL.js?v=119a24a3:14079
[  315281ms] [ERROR] React Router caught the following error during render TypeError: Cannot read properties of undefined (reading 'filter')
    at DashboardUsersPage (http://localhost:5173/src/pages/DashboardUsersPage.jsx?t=1772548039435:71:31)
    at renderWithHooks (http://localhost:5173/node_modules/.vite/deps/chunk-VIJJTZRL.js?v=119a24a3:11596:26)
    at updateFunctionComponent (http://localhost:5173/node_modules/.vite/deps/chunk-VIJJTZRL.js?v=119a24a3:14630:28)
    at beginWork (http://localhost:5173/node_modules/.vite/deps/chunk-VIJJTZRL.js?v=119a24a3:15972:22)
    at beginWork$1 (http://localhost:5173/node_modules/.vite/deps/chunk-VIJJTZRL.js?v=119a24a3:19806:22)
    at performUnitOfWork (http://localhost:5173/node_modules/.vite/deps/chunk-VIJJTZRL.js?v=119a24a3:19251:20)
    at workLoopSync (http://localhost:5173/node_modules/.vite/deps/chunk-VIJJTZRL.js?v=119a24a3:19190:13)
    at renderRootSync (http://localhost:5173/node_modules/.vite/deps/chunk-VIJJTZRL.js?v=119a24a3:19169:15)
    at recoverFromConcurrentError (http://localhost:5173/node_modules/.vite/deps/chunk-VIJJTZRL.js?v=119a24a3:18786:28)
    at performConcurrentWorkOnRoot (http://localhost:5173/node_modules/.vite/deps/chunk-VIJJTZRL.js?v=119a24a3:18734:30) {componentStack: 
    at DashboardUsersPage (http://localhost:5173/…dom.js?v=119a24a3:5791:11)
    at RouterProvider2} @ http://localhost:5173/node_modules/.vite/deps/react-router-dom.js?v=119a24a3:5356
